This file contains any messages produced by compilers while
running configure, to aid debugging if configure makes a mistake.

It was created by edcast-jack configure 3.1.7, which was
generated by GNU Autoconf 2.61.  Invocation command line was

  $ ./configure --no-create --no-recursion

## --------- ##
## Platform. ##
## --------- ##

hostname = wm22
uname -m = x86_64
uname -r = 3.2.6-amd64-yomguy-rt13
uname -s = Linux
uname -v = #1 SMP PREEMPT RT Mon Feb 20 11:12:13 CET 2012

/usr/bin/uname -p = unknown
/bin/uname -X     = unknown

/bin/arch              = unknown
/usr/bin/arch -k       = unknown
/usr/convex/getsysinfo = unknown
/usr/bin/hostinfo      = unknown
/bin/machine           = unknown
/usr/bin/oslevel       = unknown
/bin/universe          = unknown

PATH: /usr/local/sbin
PATH: /usr/local/bin
PATH: /usr/sbin
PATH: /usr/bin
PATH: /sbin
PATH: /bin
PATH: /usr/X11R6/bin


## ----------- ##
## Core tests. ##
## ----------- ##

configure:2014: checking for a BSD-compatible install
configure:2070: result: /usr/bin/install -c
configure:2081: checking whether build environment is sane
configure:2124: result: yes
configure:2152: checking for a thread-safe mkdir -p
configure:2191: result: /bin/mkdir -p
configure:2204: checking for gawk
configure:2220: found /usr/bin/gawk
configure:2231: result: gawk
configure:2242: checking whether make sets $(MAKE)
configure:2263: result: yes
configure:2500: checking for gcc
configure:2516: found /usr/bin/gcc
configure:2527: result: gcc
configure:2765: checking for C compiler version
configure:2772: gcc --version >&5
gcc (Debian 4.4.5-8) 4.4.5
Copyright (C) 2010 Free Software Foundation, Inc.
This is free software; see the source for copying conditions.  There is NO
warranty; not even for MERCHANTABILITY or FITNESS FOR A PARTICULAR PURPOSE.

configure:2775: $? = 0
configure:2782: gcc -v >&5
Using built-in specs.
Target: x86_64-linux-gnu
Configured with: ../src/configure -v --with-pkgversion='Debian 4.4.5-8' --with-bugurl=file:///usr/share/doc/gcc-4.4/README.Bugs --enable-languages=c,c++,fortran,objc,obj-c++ --prefix=/usr --program-suffix=-4.4 --enable-shared --enable-multiarch --enable-linker-build-id --with-system-zlib --libexecdir=/usr/lib --without-included-gettext --enable-threads=posix --with-gxx-include-dir=/usr/include/c++/4.4 --libdir=/usr/lib --enable-nls --enable-clocale=gnu --enable-libstdcxx-debug --enable-objc-gc --with-arch-32=i586 --with-tune=generic --enable-checking=release --build=x86_64-linux-gnu --host=x86_64-linux-gnu --target=x86_64-linux-gnu
Thread model: posix
gcc version 4.4.5 (Debian 4.4.5-8) 
configure:2785: $? = 0
configure:2792: gcc -V >&5
gcc: '-V' option must have argument
configure:2795: $? = 1
configure:2818: checking for C compiler default output file name
configure:2845: gcc    conftest.c  >&5
configure:2848: $? = 0
configure:2886: result: a.out
configure:2903: checking whether the C compiler works
configure:2913: ./a.out
configure:2916: $? = 0
configure:2933: result: yes
configure:2940: checking whether we are cross compiling
configure:2942: result: no
configure:2945: checking for suffix of executables
configure:2952: gcc -o conftest    conftest.c  >&5
configure:2955: $? = 0
configure:2979: result: 
configure:2985: checking for suffix of object files
configure:3011: gcc -c   conftest.c >&5
configure:3014: $? = 0
configure:3037: result: o
configure:3041: checking whether we are using the GNU C compiler
configure:3070: gcc -c   conftest.c >&5
configure:3076: $? = 0
configure:3093: result: yes
configure:3098: checking whether gcc accepts -g
configure:3128: gcc -c -g  conftest.c >&5
configure:3134: $? = 0
configure:3233: result: yes
configure:3250: checking for gcc option to accept ISO C89
configure:3324: gcc  -c -g -O2  conftest.c >&5
configure:3330: $? = 0
configure:3353: result: none needed
configure:3382: checking for style of include used by make
configure:3410: result: GNU
configure:3435: checking dependency style of gcc
configure:3526: result: gcc3
configure:3599: checking for g++
configure:3615: found /usr/bin/g++
configure:3626: result: g++
configure:3657: checking for C++ compiler version
configure:3664: g++ --version >&5
g++ (Debian 4.4.5-8) 4.4.5
Copyright (C) 2010 Free Software Foundation, Inc.
This is free software; see the source for copying conditions.  There is NO
warranty; not even for MERCHANTABILITY or FITNESS FOR A PARTICULAR PURPOSE.

configure:3667: $? = 0
configure:3674: g++ -v >&5
Using built-in specs.
Target: x86_64-linux-gnu
Configured with: ../src/configure -v --with-pkgversion='Debian 4.4.5-8' --with-bugurl=file:///usr/share/doc/gcc-4.4/README.Bugs --enable-languages=c,c++,fortran,objc,obj-c++ --prefix=/usr --program-suffix=-4.4 --enable-shared --enable-multiarch --enable-linker-build-id --with-system-zlib --libexecdir=/usr/lib --without-included-gettext --enable-threads=posix --with-gxx-include-dir=/usr/include/c++/4.4 --libdir=/usr/lib --enable-nls --enable-clocale=gnu --enable-libstdcxx-debug --enable-objc-gc --with-arch-32=i586 --with-tune=generic --enable-checking=release --build=x86_64-linux-gnu --host=x86_64-linux-gnu --target=x86_64-linux-gnu
Thread model: posix
gcc version 4.4.5 (Debian 4.4.5-8) 
configure:3677: $? = 0
configure:3684: g++ -V >&5
g++: '-V' option must have argument
configure:3687: $? = 1
configure:3690: checking whether we are using the GNU C++ compiler
configure:3719: g++ -c   conftest.cpp >&5
configure:3725: $? = 0
configure:3742: result: yes
configure:3747: checking whether g++ accepts -g
configure:3777: g++ -c -g  conftest.cpp >&5
configure:3783: $? = 0
configure:3882: result: yes
configure:3907: checking dependency style of g++
configure:3998: result: gcc3
configure:4019: checking build system type
configure:4037: result: x86_64-unknown-linux-gnu
configure:4059: checking host system type
configure:4074: result: x86_64-unknown-linux-gnu
configure:4168: checking for a sed that does not truncate output
configure:4222: result: /bin/sed
configure:4225: checking for grep that handles long lines and -e
configure:4299: result: /bin/grep
configure:4304: checking for egrep
configure:4382: result: /bin/grep -E
configure:4398: checking for ld used by gcc
configure:4465: result: /usr/bin/ld
configure:4474: checking if the linker (/usr/bin/ld) is GNU ld
configure:4489: result: yes
configure:4494: checking for /usr/bin/ld option to reload object files
configure:4501: result: -r
configure:4519: checking for BSD-compatible nm
configure:4568: result: /usr/bin/nm -B
configure:4572: checking whether ln -s works
configure:4576: result: yes
configure:4583: checking how to recognise dependent libraries
configure:4759: result: pass_all
configure:4847: gcc -c -g -O2  conftest.c >&5
configure:4850: $? = 0
configure:4993: checking how to run the C preprocessor
configure:5033: gcc -E  conftest.c
configure:5039: $? = 0
configure:5070: gcc -E  conftest.c
conftest.c:10:28: error: ac_nonexistent.h: No such file or directory
configure:5076: $? = 1
configure: failed program was:
| /* confdefs.h.  */
| #define PACKAGE_NAME "edcast-jack"
| #define PACKAGE_TARNAME "edcast-jack"
| #define PACKAGE_VERSION "3.1.7"
| #define PACKAGE_STRING "edcast-jack 3.1.7"
| #define PACKAGE_BUGREPORT ""
| #define PACKAGE "edcast-jack"
| #define VERSION "3.1.7"
| /* end confdefs.h.  */
| #include <ac_nonexistent.h>
configure:5109: result: gcc -E
configure:5138: gcc -E  conftest.c
configure:5144: $? = 0
configure:5175: gcc -E  conftest.c
conftest.c:10:28: error: ac_nonexistent.h: No such file or directory
configure:5181: $? = 1
configure: failed program was:
| /* confdefs.h.  */
| #define PACKAGE_NAME "edcast-jack"
| #define PACKAGE_TARNAME "edcast-jack"
| #define PACKAGE_VERSION "3.1.7"
| #define PACKAGE_STRING "edcast-jack 3.1.7"
| #define PACKAGE_BUGREPORT ""
| #define PACKAGE "edcast-jack"
| #define VERSION "3.1.7"
| /* end confdefs.h.  */
| #include <ac_nonexistent.h>
configure:5219: checking for ANSI C header files
configure:5249: gcc -c -g -O2  conftest.c >&5
configure:5255: $? = 0
configure:5354: gcc -o conftest -g -O2   conftest.c  >&5
configure:5357: $? = 0
configure:5363: ./conftest
configure:5366: $? = 0
configure:5383: result: yes
configure:5407: checking for sys/types.h
configure:5428: gcc -c -g -O2  conftest.c >&5
configure:5434: $? = 0
configure:5450: result: yes
configure:5407: checking for sys/stat.h
configure:5428: gcc -c -g -O2  conftest.c >&5
configure:5434: $? = 0
configure:5450: result: yes
configure:5407: checking for stdlib.h
configure:5428: gcc -c -g -O2  conftest.c >&5
configure:5434: $? = 0
configure:5450: result: yes
configure:5407: checking for string.h
configure:5428: gcc -c -g -O2  conftest.c >&5
configure:5434: $? = 0
configure:5450: result: yes
configure:5407: checking for memory.h
configure:5428: gcc -c -g -O2  conftest.c >&5
configure:5434: $? = 0
configure:5450: result: yes
configure:5407: checking for strings.h
configure:5428: gcc -c -g -O2  conftest.c >&5
configure:5434: $? = 0
configure:5450: result: yes
configure:5407: checking for inttypes.h
configure:5428: gcc -c -g -O2  conftest.c >&5
configure:5434: $? = 0
configure:5450: result: yes
configure:5407: checking for stdint.h
configure:5428: gcc -c -g -O2  conftest.c >&5
configure:5434: $? = 0
configure:5450: result: yes
configure:5407: checking for unistd.h
configure:5428: gcc -c -g -O2  conftest.c >&5
configure:5434: $? = 0
configure:5450: result: yes
configure:5477: checking dlfcn.h usability
configure:5494: gcc -c -g -O2  conftest.c >&5
configure:5500: $? = 0
configure:5514: result: yes
configure:5518: checking dlfcn.h presence
configure:5533: gcc -E  conftest.c
configure:5539: $? = 0
configure:5553: result: yes
configure:5581: checking for dlfcn.h
configure:5589: result: yes
configure:5612: checking how to run the C++ preprocessor
configure:5648: g++ -E  conftest.cpp
configure:5654: $? = 0
configure:5685: g++ -E  conftest.cpp
conftest.cpp:21:28: error: ac_nonexistent.h: No such file or directory
configure:5691: $? = 1
configure: failed program was:
| /* confdefs.h.  */
| #define PACKAGE_NAME "edcast-jack"
| #define PACKAGE_TARNAME "edcast-jack"
| #define PACKAGE_VERSION "3.1.7"
| #define PACKAGE_STRING "edcast-jack 3.1.7"
| #define PACKAGE_BUGREPORT ""
| #define PACKAGE "edcast-jack"
| #define VERSION "3.1.7"
| #define STDC_HEADERS 1
| #define HAVE_SYS_TYPES_H 1
| #define HAVE_SYS_STAT_H 1
| #define HAVE_STDLIB_H 1
| #define HAVE_STRING_H 1
| #define HAVE_MEMORY_H 1
| #define HAVE_STRINGS_H 1
| #define HAVE_INTTYPES_H 1
| #define HAVE_STDINT_H 1
| #define HAVE_UNISTD_H 1
| #define HAVE_DLFCN_H 1
| /* end confdefs.h.  */
| #include <ac_nonexistent.h>
configure:5724: result: g++ -E
configure:5753: g++ -E  conftest.cpp
configure:5759: $? = 0
configure:5790: g++ -E  conftest.cpp
conftest.cpp:21:28: error: ac_nonexistent.h: No such file or directory
configure:5796: $? = 1
configure: failed program was:
| /* confdefs.h.  */
| #define PACKAGE_NAME "edcast-jack"
| #define PACKAGE_TARNAME "edcast-jack"
| #define PACKAGE_VERSION "3.1.7"
| #define PACKAGE_STRING "edcast-jack 3.1.7"
| #define PACKAGE_BUGREPORT ""
| #define PACKAGE "edcast-jack"
| #define VERSION "3.1.7"
| #define STDC_HEADERS 1
| #define HAVE_SYS_TYPES_H 1
| #define HAVE_SYS_STAT_H 1
| #define HAVE_STDLIB_H 1
| #define HAVE_STRING_H 1
| #define HAVE_MEMORY_H 1
| #define HAVE_STRINGS_H 1
| #define HAVE_INTTYPES_H 1
| #define HAVE_STDINT_H 1
| #define HAVE_UNISTD_H 1
| #define HAVE_DLFCN_H 1
| /* end confdefs.h.  */
| #include <ac_nonexistent.h>
configure:5889: checking for g77
configure:5919: result: no
configure:5889: checking for xlf
configure:5919: result: no
configure:5889: checking for f77
configure:5919: result: no
configure:5889: checking for frt
configure:5919: result: no
configure:5889: checking for pgf77
configure:5919: result: no
configure:5889: checking for cf77
configure:5919: result: no
configure:5889: checking for fort77
configure:5919: result: no
configure:5889: checking for fl32
configure:5919: result: no
configure:5889: checking for af77
configure:5919: result: no
configure:5889: checking for xlf90
configure:5919: result: no
configure:5889: checking for f90
configure:5919: result: no
configure:5889: checking for pgf90
configure:5919: result: no
configure:5889: checking for pghpf
configure:5919: result: no
configure:5889: checking for epcf90
configure:5919: result: no
configure:5889: checking for gfortran
configure:5919: result: no
configure:5889: checking for g95
configure:5919: result: no
configure:5889: checking for xlf95
configure:5919: result: no
configure:5889: checking for f95
configure:5919: result: no
configure:5889: checking for fort
configure:5919: result: no
configure:5889: checking for ifort
configure:5919: result: no
configure:5889: checking for ifc
configure:5919: result: no
configure:5889: checking for efc
configure:5919: result: no
configure:5889: checking for pgf95
configure:5919: result: no
configure:5889: checking for lf95
configure:5919: result: no
configure:5889: checking for ftn
configure:5919: result: no
configure:5946: checking for Fortran 77 compiler version
configure:5953:  --version >&5
./configure: line 5954: --version: command not found
configure:5956: $? = 127
configure:5963:  -v >&5
./configure: line 5964: -v: command not found
configure:5966: $? = 127
configure:5973:  -V >&5
./configure: line 5974: -V: command not found
configure:5976: $? = 127
configure:5984: checking whether we are using the GNU Fortran 77 compiler
configure:6003:  -c  conftest.F >&5
./configure: line 6004: -c: command not found
configure:6009: $? = 127
configure: failed program was:
|       program main
| #ifndef __GNUC__
|        choke me
| #endif
| 
|       end
configure:6026: result: no
configure:6032: checking whether  accepts -g
configure:6049:  -c -g conftest.f >&5
./configure: line 6050: -c: command not found
configure:6055: $? = 127
configure: failed program was:
|       program main
| 
|       end
configure:6071: result: no
configure:6101: checking the maximum length of command line arguments
configure:6210: result: 32768
configure:6221: checking command to parse /usr/bin/nm -B output from gcc object
configure:6326: gcc -c -g -O2  conftest.c >&5
configure:6329: $? = 0
configure:6333: /usr/bin/nm -B conftest.o \| sed -n -e 's/^.*[ 	]\([ABCDGIRSTW][ABCDGIRSTW]*\)[ 	][ 	]*\([_A-Za-z][_A-Za-z0-9]*\)$/\1 \2 \2/p' \> conftest.nm
configure:6336: $? = 0
configure:6388: gcc -o conftest -g -O2   conftest.c conftstm.o >&5
configure:6391: $? = 0
configure:6429: result: ok
configure:6433: checking for objdir
configure:6448: result: .libs
configure:6540: checking for ar
configure:6556: found /usr/bin/ar
configure:6567: result: ar
configure:6636: checking for ranlib
configure:6652: found /usr/bin/ranlib
configure:6663: result: ranlib
configure:6732: checking for strip
configure:6748: found /usr/bin/strip
configure:6759: result: strip
configure:7045: checking if gcc supports -fno-rtti -fno-exceptions
configure:7063: gcc -c -g -O2  -fno-rtti -fno-exceptions conftest.c >&5
cc1: warning: command line option "-fno-rtti" is valid for C++/ObjC++ but not for C
configure:7067: $? = 0
configure:7080: result: no
configure:7095: checking for gcc option to produce PIC
configure:7305: result: -fPIC
configure:7313: checking if gcc PIC flag -fPIC works
configure:7331: gcc -c -g -O2  -fPIC -DPIC conftest.c >&5
configure:7335: $? = 0
configure:7348: result: yes
configure:7376: checking if gcc static flag -static works
configure:7404: result: yes
configure:7414: checking if gcc supports -c -o file.o
configure:7435: gcc -c -g -O2  -o out/conftest2.o conftest.c >&5
configure:7439: $? = 0
configure:7461: result: yes
configure:7487: checking whether the gcc linker (/usr/bin/ld -m elf_x86_64) supports shared libraries
configure:8442: result: yes
configure:8463: checking whether -lc should be explicitly linked in
configure:8468: gcc -c -g -O2  conftest.c >&5
configure:8471: $? = 0
configure:8486: gcc -shared conftest.o  -v -Wl,-soname -Wl,conftest -o conftest 2\>\&1 \| grep  -lc  \>/dev/null 2\>\&1
configure:8489: $? = 0
configure:8501: result: no
configure:8509: checking dynamic linker characteristics
configure:9085: result: GNU/Linux ld.so
configure:9094: checking how to hardcode library paths into programs
configure:9119: result: immediate
configure:9133: checking whether stripping libraries is possible
configure:9138: result: yes
configure:9939: checking if libtool supports shared libraries
configure:9941: result: yes
configure:9944: checking whether to build shared libraries
configure:9965: result: yes
configure:9968: checking whether to build static libraries
configure:9972: result: yes
configure:10064: creating libtool
configure:10652: checking for ld used by g++
configure:10719: result: /usr/bin/ld -m elf_x86_64
configure:10728: checking if the linker (/usr/bin/ld -m elf_x86_64) is GNU ld
configure:10743: result: yes
configure:10794: checking whether the g++ linker (/usr/bin/ld -m elf_x86_64) supports shared libraries
configure:11728: result: yes
configure:11746: g++ -c -g -O2  conftest.cpp >&5
configure:11749: $? = 0
configure:11868: checking for g++ option to produce PIC
configure:12142: result: -fPIC
configure:12150: checking if g++ PIC flag -fPIC works
configure:12168: g++ -c -g -O2  -fPIC -DPIC conftest.cpp >&5
configure:12172: $? = 0
configure:12185: result: yes
configure:12213: checking if g++ static flag -static works
configure:12241: result: yes
configure:12251: checking if g++ supports -c -o file.o
configure:12272: g++ -c -g -O2  -o out/conftest2.o conftest.cpp >&5
configure:12276: $? = 0
configure:12298: result: yes
configure:12324: checking whether the g++ linker (/usr/bin/ld -m elf_x86_64) supports shared libraries
configure:12352: result: yes
configure:12419: checking dynamic linker characteristics
configure:12995: result: GNU/Linux ld.so
configure:13004: checking how to hardcode library paths into programs
configure:13029: result: immediate
configure:19219: checking for ANSI C header files
configure:19383: result: yes
configure:19394: checking for an ANSI C-conforming const
configure:19469: gcc -c -O20 -ffast-math -fsigned-char -D_REENTRANT -D_GNU_SOURCE   conftest.c >&5
configure:19475: $? = 0
configure:19490: result: yes
configure:19553: checking for libFLAC
configure:19595: gcc -o conftest -O20 -ffast-math -fsigned-char -D_REENTRANT -D_GNU_SOURCE  -INONE/include   conftest.c   -lpthread  -lFLAC -lm >&5
configure:19598: $? = 0
configure:19604: ./conftest
configure:19607: $? = 0
configure:19627: result: yes
configure:19711: checking for pthread_create
configure:19767: gcc -o conftest -O20 -ffast-math -fsigned-char -D_REENTRANT -D_GNU_SOURCE    conftest.c   -lpthread >&5
configure:19773: $? = 0
configure:19790: result: yes
configure:19892: checking jack/jack.h usability
configure:19909: gcc -c -O20 -ffast-math -fsigned-char -D_REENTRANT -D_GNU_SOURCE   conftest.c >&5
configure:19915: $? = 0
configure:19929: result: yes
configure:19933: checking jack/jack.h presence
configure:19948: gcc -E  conftest.c
configure:19954: $? = 0
configure:19968: result: yes
configure:19996: checking for jack/jack.h
configure:20004: result: yes
configure:20027: checking for jack_activate in -ljack
configure:20062: gcc -o conftest -O20 -ffast-math -fsigned-char -D_REENTRANT -D_GNU_SOURCE  -lpthread -ljack -ldl   conftest.c -ljack    -lpthread >&5
configure:20068: $? = 0
configure:20086: result: yes
configure:20109: checking for faacEncOpen in -lfaac
configure:20144: gcc -o conftest -O20 -ffast-math -fsigned-char -D_REENTRANT -D_GNU_SOURCE  -lfaac -lm   conftest.c -lfaac    -lpthread >&5
configure:20150: $? = 0
configure:20168: result: yes
configure:20206: checking for libogg
configure:20250: gcc -o conftest -O20 -ffast-math -fsigned-char -D_REENTRANT -D_GNU_SOURCE      conftest.c   -lpthread -logg >&5
configure:20256: $? = 0
configure:20320: result: ok
configure:20376: checking for libvorbis
configure:20406: gcc -o conftest -O20 -ffast-math -fsigned-char -D_REENTRANT -D_GNU_SOURCE      conftest.c   -lpthread -lvorbis >&5
configure:20412: $? = 0
configure:20481: result: ok
configure:20487: checking for struct ovectl_ratemanage_arg
configure:20521: gcc -c -O20 -ffast-math -fsigned-char -D_REENTRANT -D_GNU_SOURCE    conftest.c >&5
configure:20527: $? = 0
configure:20542: result: yes
configure:20610: checking for libmad (>= 0.12.0)
configure:20714: gcc -o conftest -O20 -ffast-math -fsigned-char -D_REENTRANT -D_GNU_SOURCE     conftest.c -lmad   -lpthread >&5
configure:20717: $? = 0
configure:20723: ./conftest
configure:20726: $? = 0
configure:20758: result: yes
configure:20825: checking for libFLAC
configure:20867: gcc -o conftest -O20 -ffast-math -fsigned-char -D_REENTRANT -D_GNU_SOURCE  -INONE/include   conftest.c   -lpthread  -lFLAC -lm -lFLAC -lm >&5
configure:20870: $? = 0
configure:20876: ./conftest
configure:20879: $? = 0
configure:20899: result: yes
configure:21032: checking for liblame
configure:21072: gcc -o conftest -O20 -ffast-math -fsigned-char -D_REENTRANT -D_GNU_SOURCE     conftest.c   -lpthread  -lmp3lame -lm >&5
configure:21075: $? = 0
configure:21081: ./conftest
configure:21084: $? = 0
configure:21104: result: yes
configure:21370: creating ./config.status

## ---------------- ##
## Cache variables. ##
## ---------------- ##

ac_cv_build=x86_64-unknown-linux-gnu
ac_cv_c_compiler_gnu=yes
ac_cv_c_const=yes
ac_cv_cxx_compiler_gnu=yes
ac_cv_env_CCC_set=
ac_cv_env_CCC_value=
ac_cv_env_CC_set=
ac_cv_env_CC_value=
ac_cv_env_CFLAGS_set=
ac_cv_env_CFLAGS_value=
ac_cv_env_CPPFLAGS_set=
ac_cv_env_CPPFLAGS_value=
ac_cv_env_CPP_set=
ac_cv_env_CPP_value=
ac_cv_env_CXXCPP_set=
ac_cv_env_CXXCPP_value=
ac_cv_env_CXXFLAGS_set=
ac_cv_env_CXXFLAGS_value=
ac_cv_env_CXX_set=
ac_cv_env_CXX_value=
ac_cv_env_F77_set=
ac_cv_env_F77_value=
ac_cv_env_FFLAGS_set=
ac_cv_env_FFLAGS_value=
ac_cv_env_LDFLAGS_set=
ac_cv_env_LDFLAGS_value=
ac_cv_env_LIBS_set=
ac_cv_env_LIBS_value=
ac_cv_env_OGG_PREFIX_set=
ac_cv_env_OGG_PREFIX_value=
ac_cv_env_VORBIS_PREFIX_set=
ac_cv_env_VORBIS_PREFIX_value=
ac_cv_env_build_alias_set=
ac_cv_env_build_alias_value=
ac_cv_env_host_alias_set=
ac_cv_env_host_alias_value=
ac_cv_env_target_alias_set=
ac_cv_env_target_alias_value=
ac_cv_f77_compiler_gnu=no
ac_cv_func_pthread_create=yes
ac_cv_header_dlfcn_h=yes
ac_cv_header_inttypes_h=yes
ac_cv_header_jack_jack_h=yes
ac_cv_header_memory_h=yes
ac_cv_header_stdc=yes
ac_cv_header_stdint_h=yes
ac_cv_header_stdlib_h=yes
ac_cv_header_string_h=yes
ac_cv_header_strings_h=yes
ac_cv_header_sys_stat_h=yes
ac_cv_header_sys_types_h=yes
ac_cv_header_unistd_h=yes
ac_cv_host=x86_64-unknown-linux-gnu
ac_cv_lib_faac_faacEncOpen=yes
ac_cv_lib_jack_jack_activate=yes
ac_cv_objext=o
ac_cv_path_EGREP='/bin/grep -E'
ac_cv_path_GREP=/bin/grep
ac_cv_path_install='/usr/bin/install -c'
ac_cv_path_mkdir=/bin/mkdir
ac_cv_prog_AWK=gawk
ac_cv_prog_CPP='gcc -E'
ac_cv_prog_CXXCPP='g++ -E'
ac_cv_prog_ac_ct_AR=ar
ac_cv_prog_ac_ct_CC=gcc
ac_cv_prog_ac_ct_CXX=g++
ac_cv_prog_ac_ct_RANLIB=ranlib
ac_cv_prog_ac_ct_STRIP=strip
ac_cv_prog_cc_c89=
ac_cv_prog_cc_g=yes
ac_cv_prog_cxx_g=yes
ac_cv_prog_f77_g=no
ac_cv_prog_make_make_set=yes
ac_cv_type_struct_ovectl_ratemanage_arg=yes
am_cv_CC_dependencies_compiler_type=gcc3
am_cv_CXX_dependencies_compiler_type=gcc3
lt_cv_deplibs_check_method=pass_all
lt_cv_file_magic_cmd='$MAGIC_CMD'
lt_cv_file_magic_test_file=
lt_cv_ld_reload_flag=-r
lt_cv_objdir=.libs
lt_cv_path_LD=/usr/bin/ld
lt_cv_path_LDCXX='/usr/bin/ld -m elf_x86_64'
lt_cv_path_NM='/usr/bin/nm -B'
lt_cv_path_SED=/bin/sed
lt_cv_prog_compiler_c_o=yes
lt_cv_prog_compiler_c_o_CXX=yes
lt_cv_prog_compiler_rtti_exceptions=no
lt_cv_prog_gnu_ld=yes
lt_cv_prog_gnu_ldcxx=yes
lt_cv_sys_global_symbol_pipe='sed -n -e '\''s/^.*[ 	]\([ABCDGIRSTW][ABCDGIRSTW]*\)[ 	][ 	]*\([_A-Za-z][_A-Za-z0-9]*\)$/\1 \2 \2/p'\'''
lt_cv_sys_global_symbol_to_c_name_address='sed -n -e '\''s/^: \([^ ]*\) $/  {\"\1\", (lt_ptr) 0},/p'\'' -e '\''s/^[BCDEGRST] \([^ ]*\) \([^ ]*\)$/  {"\2", (lt_ptr) \&\2},/p'\'''
lt_cv_sys_global_symbol_to_cdecl='sed -n -e '\''s/^. .* \(.*\)$/extern int \1;/p'\'''
lt_cv_sys_max_cmd_len=32768
lt_lt_cv_prog_compiler_c_o='"yes"'
lt_lt_cv_prog_compiler_c_o_CXX='"yes"'
lt_lt_cv_sys_global_symbol_pipe='"sed -n -e '\''s/^.*[ 	]\\([ABCDGIRSTW][ABCDGIRSTW]*\\)[ 	][ 	]*\\([_A-Za-z][_A-Za-z0-9]*\\)\$/\\1 \\2 \\2/p'\''"'
lt_lt_cv_sys_global_symbol_to_c_name_address='"sed -n -e '\''s/^: \\([^ ]*\\) \$/  {\\\"\\1\\\", (lt_ptr) 0},/p'\'' -e '\''s/^[BCDEGRST] \\([^ ]*\\) \\([^ ]*\\)\$/  {\"\\2\", (lt_ptr) \\&\\2},/p'\''"'
lt_lt_cv_sys_global_symbol_to_cdecl='"sed -n -e '\''s/^. .* \\(.*\\)\$/extern int \\1;/p'\''"'
xt_cv_lib_ogg=ok

## ----------------- ##
## Output variables. ##
## ----------------- ##

ACLOCAL='${SHELL} /home/dev/telecaster/telecaster-server/tcserver/lib/edcast-jack/missing --run aclocal-1.10'
AMDEPBACKSLASH='\'
AMDEP_FALSE='#'
AMDEP_TRUE=''
AMTAR='${SHELL} /home/dev/telecaster/telecaster-server/tcserver/lib/edcast-jack/missing --run tar'
AR='ar'
AUTOCONF='${SHELL} /home/dev/telecaster/telecaster-server/tcserver/lib/edcast-jack/missing --run autoconf'
AUTOHEADER='${SHELL} /home/dev/telecaster/telecaster-server/tcserver/lib/edcast-jack/missing --run autoheader'
AUTOMAKE='${SHELL} /home/dev/telecaster/telecaster-server/tcserver/lib/edcast-jack/missing --run automake-1.10'
AWK='gawk'
CC='gcc'
CCDEPMODE='depmode=gcc3'
CFLAGS='-O20 -ffast-math -fsigned-char -D_REENTRANT -D_GNU_SOURCE '
CPP='gcc -E'
CPPFLAGS=''
CXX='g++'
CXXCPP='g++ -E'
CXXDEPMODE='depmode=gcc3'
CXXFLAGS='-O20 -ffast-math -fsigned-char -D_REENTRANT -D_GNU_SOURCE  -INONE/include -INONE/include'
CYGPATH_W='echo'
DEBUG='-g -Wall -fsigned-char -D_REENTRANT -D_GNU_SOURCE'
DEFS='-DPACKAGE_NAME=\"edcast-jack\" -DPACKAGE_TARNAME=\"edcast-jack\" -DPACKAGE_VERSION=\"3.1.7\" -DPACKAGE_STRING=\"edcast-jack\ 3.1.7\" -DPACKAGE_BUGREPORT=\"\" -DPACKAGE=\"edcast-jack\" -DVERSION=\"3.1.7\" -DSTDC_HEADERS=1 -DHAVE_SYS_TYPES_H=1 -DHAVE_SYS_STAT_H=1 -DHAVE_STDLIB_H=1 -DHAVE_STRING_H=1 -DHAVE_MEMORY_H=1 -DHAVE_STRINGS_H=1 -DHAVE_INTTYPES_H=1 -DHAVE_STDINT_H=1 -DHAVE_UNISTD_H=1 -DHAVE_DLFCN_H=1 -DSTDC_HEADERS=1 -DHAVE_JACK_JACK_H=1 -DHAVE_OGG=1 -DHAVE_STRUCT_OVECTL_RATEMANAGE_ARG=1 -DHAVE_VORBIS=1 -DHAVE_MAD_H=1 -DHAVE_LIBMAD=1 -DHAVE_LAME=1'
DEPDIR='.deps'
ECHO='echo'
ECHO_C=''
ECHO_N='-n'
ECHO_T=''
EGREP='/bin/grep -E'
EXEEXT=''
F77=''
FAAC_CFLAGS='-DHAVE_FAAC'
FAAC_LIBS='-lfaac -lm'
FFLAGS=''
GREP='/bin/grep'
INSTALL_DATA='${INSTALL} -m 644'
INSTALL_PROGRAM='${INSTALL}'
INSTALL_SCRIPT='${INSTALL}'
INSTALL_STRIP_PROGRAM='$(install_sh) -c -s'
JACK_LIBS='-ljack -ldl'
LAME_CFLAGS=''
LAME_LIBS=' -lmp3lame -lm'
LDFLAGS=''
LIBFLAC_CFLAGS='-INONE/include'
LIBFLAC_LIBS=' -lFLAC -lm -lFLAC -lm'
LIBOBJS=''
LIBS='  -lpthread'
LIBTOOL='$(SHELL) $(top_builddir)/libtool'
LN_S='ln -s'
LTLIBOBJS=''
MAD_CFLAGS=''
MAD_LIBS='-lmad'
MAKEINFO='${SHELL} /home/dev/telecaster/telecaster-server/tcserver/lib/edcast-jack/missing --run makeinfo'
OBJEXT='o'
OGG_CFLAGS=''
OGG_LDFLAGS=''
OGG_LIBS='-logg'
OGG_PREFIX=''
PACKAGE='edcast-jack'
PACKAGE_BUGREPORT=''
PACKAGE_NAME='edcast-jack'
PACKAGE_STRING='edcast-jack 3.1.7'
PACKAGE_TARNAME='edcast-jack'
PACKAGE_VERSION='3.1.7'
PATH_SEPARATOR=':'
RANLIB='ranlib'
SET_MAKE=''
SHELL='/bin/bash'
STRIP='strip'
VERSION='3.1.7'
VORBISENC_LIBS='-lvorbisenc'
VORBISFILE_LIBS='-lvorbisfile'
VORBIS_CFLAGS=''
VORBIS_LDFLAGS=''
VORBIS_LIBS='-lvorbis'
VORBIS_PREFIX=''
ac_ct_CC='gcc'
ac_ct_CXX='g++'
ac_ct_F77=''
am__fastdepCC_FALSE='#'
am__fastdepCC_TRUE=''
am__fastdepCXX_FALSE='#'
am__fastdepCXX_TRUE=''
am__include='include'
am__isrc=''
am__leading_dot='.'
am__quote=''
am__tar='${AMTAR} chof - "$$tardir"'
am__untar='${AMTAR} xf -'
bindir='${exec_prefix}/bin'
build='x86_64-unknown-linux-gnu'
build_alias=''
build_cpu='x86_64'
build_os='linux-gnu'
build_vendor='unknown'
datadir='${datarootdir}'
datarootdir='${prefix}/share'
docdir='${datarootdir}/doc/${PACKAGE_TARNAME}'
dvidir='${docdir}'
exec_prefix='${prefix}'
host='x86_64-unknown-linux-gnu'
host_alias=''
host_cpu='x86_64'
host_os='linux-gnu'
host_vendor='unknown'
htmldir='${docdir}'
includedir='${prefix}/include'
infodir='${datarootdir}/info'
install_sh='$(SHELL) /home/dev/telecaster/telecaster-server/tcserver/lib/edcast-jack/install-sh'
libdir='${exec_prefix}/lib'
libexecdir='${exec_prefix}/libexec'
localedir='${datarootdir}/locale'
localstatedir='${prefix}/var'
mandir='${datarootdir}/man'
mkdir_p='/bin/mkdir -p'
oldincludedir='/usr/include'
pdfdir='${docdir}'
prefix='/usr/local'
program_transform_name='s,x,x,'
psdir='${docdir}'
sbindir='${exec_prefix}/sbin'
sharedstatedir='${prefix}/com'
sysconfdir='${prefix}/etc'
target_alias=''

## ----------- ##
## confdefs.h. ##
## ----------- ##

#define PACKAGE_NAME "edcast-jack"
#define PACKAGE_TARNAME "edcast-jack"
#define PACKAGE_VERSION "3.1.7"
#define PACKAGE_STRING "edcast-jack 3.1.7"
#define PACKAGE_BUGREPORT ""
#define PACKAGE "edcast-jack"
#define VERSION "3.1.7"
#define STDC_HEADERS 1
#define HAVE_SYS_TYPES_H 1
#define HAVE_SYS_STAT_H 1
#define HAVE_STDLIB_H 1
#define HAVE_STRING_H 1
#define HAVE_MEMORY_H 1
#define HAVE_STRINGS_H 1
#define HAVE_INTTYPES_H 1
#define HAVE_STDINT_H 1
#define HAVE_UNISTD_H 1
#define HAVE_DLFCN_H 1
#define STDC_HEADERS 1
#define HAVE_JACK_JACK_H 1
#define HAVE_OGG 1
#define HAVE_STRUCT_OVECTL_RATEMANAGE_ARG 1
#define HAVE_VORBIS 1
#define HAVE_MAD_H 1
#define HAVE_LIBMAD 1
#define HAVE_LAME 1

configure: exit 0

## ---------------------- ##
## Running config.status. ##
## ---------------------- ##

This file was extended by edcast-jack config.status 3.1.7, which was
generated by GNU Autoconf 2.61.  Invocation command line was

  CONFIG_FILES    = 
  CONFIG_HEADERS  = 
  CONFIG_LINKS    = 
  CONFIG_COMMANDS = 
  $ ./config.status 

on wm22

config.status:665: creating Makefile
config.status:665: creating libedcast/Makefile
config.status:856: executing depfiles commands
